Flutter crash report.
Please report a bug at https://github.com/flutter/flutter/issues.

## command

flutter --quiet assemble --depfile C:\Users\User\hardorm-frontend\build\app\intermediates\flutter\debug/flutter_build.d --output C:\Users\User\hardorm-frontend\build\app\intermediates\flutter\debug -dTargetFile=C:\Users\User\hardorm-frontend\lib\pages\login-detail.dart -dTargetPlatform=android -dBuildMode=debug -dTrackWidgetCreation=true --DartDefines=flutter.inspector.structuredErrors%3Dtrue debug_android_application

## exception

FileSystemException: FileSystemException: Cannot delete file, path = 'C:\Users\User\hardorm-frontend\build\app\intermediates\flutter\debug\flutter_assets\kernel_blob.bin' (OS Error: The process cannot access the file because it is being used by another process.
, errno = 32)

```
#0      _File.throwIfError (dart:io/file_impl.dart:635:7)
#1      _File._deleteSync (dart:io/file_impl.dart:298:5)
#2      FileSystemEntity.deleteSync (dart:io/file_system_entity.dart:455:47)
#3      ForwardingFileSystemEntity.deleteSync (package:file/src/forwarding/forwarding_file_system_entity.dart:72:16)
#4      ForwardingFileSystemEntity.deleteSync (package:file/src/forwarding/forwarding_file_system_entity.dart:72:16)
#5      FlutterBuildSystem.trackSharedBuildDirectory (package:flutter_tools/src/build_system/build_system.dart:702:26)
#6      FlutterBuildSystem.build (package:flutter_tools/src/build_system/build_system.dart:590:5)
<asynchronous suspension>
#7      AssembleCommand.runCommand (package:flutter_tools/src/commands/assemble.dart:221:58)
#8      FlutterCommand.verifyThenRunCommand (package:flutter_tools/src/runner/flutter_command.dart:977:18)
<asynchronous suspension>
#9      FlutterCommand.run.<anonymous closure> (package:flutter_tools/src/runner/flutter_command.dart:836:33)
<asynchronous suspension>
#10     FlutterCommand.run.<anonymous closure> (package:flutter_tools/src/runner/flutter_command.dart)
#11     AppContext.run.<anonymous closure> (package:flutter_tools/src/base/context.dart:150:29)
#12     _rootRun (dart:async/zone.dart:1190:13)
#13     _CustomZone.run (dart:async/zone.dart:1093:19)
#14     _runZoned (dart:async/zone.dart:1630:10)
#15     runZoned (dart:async/zone.dart:1550:10)
#16     AppContext.run (package:flutter_tools/src/base/context.dart:149:18)
#17     FlutterCommand.run (package:flutter_tools/src/runner/flutter_command.dart:825:20)
#18     CommandRunner.runCommand (package:args/command_runner.dart:197:27)
#19     FlutterCommandRunner.runCommand.<anonymous closure> (package:flutter_tools/src/runner/flutter_command_runner.dart:335:21)
<asynchronous suspension>
#20     FlutterCommandRunner.runCommand.<anonymous closure> (package:flutter_tools/src/runner/flutter_command_runner.dart)
#21     AppContext.run.<anonymous closure> (package:flutter_tools/src/base/context.dart:150:29)
#22     _rootRun (dart:async/zone.dart:1190:13)
#23     _CustomZone.run (dart:async/zone.dart:1093:19)
#24     _runZoned (dart:async/zone.dart:1630:10)
#25     runZoned (dart:async/zone.dart:1550:10)
#26     AppContext.run (package:flutter_tools/src/base/context.dart:149:18)
#27     FlutterCommandRunner.runCommand (package:flutter_tools/src/runner/flutter_command_runner.dart:281:19)
<asynchronous suspension>
#28     CommandRunner.run.<anonymous closure> (package:args/command_runner.dart:112:25)
#29     new Future.sync (dart:async/future.dart:223:31)
#30     CommandRunner.run (package:args/command_runner.dart:112:14)
#31     FlutterCommandRunner.run (package:flutter_tools/src/runner/flutter_command_runner.dart:230:18)
#32     run.<anonymous closure>.<anonymous closure> (package:flutter_tools/runner.dart:63:22)
#33     _rootRun (dart:async/zone.dart:1190:13)
#34     _CustomZone.run (dart:async/zone.dart:1093:19)
#35     _runZoned (dart:async/zone.dart:1630:10)
#36     runZonedGuarded (dart:async/zone.dart:1618:12)
#37     runZoned (dart:async/zone.dart:1547:12)
#38     run.<anonymous closure> (package:flutter_tools/runner.dart:61:18)
<asynchronous suspension>
#39     run.<anonymous closure> (package:flutter_tools/runner.dart)
#40     runInContext.runnerWrapper (package:flutter_tools/src/context_runner.dart:67:18)
<asynchronous suspension>
#41     runInContext.runnerWrapper (package:flutter_tools/src/context_runner.dart)
#42     AppContext.run.<anonymous closure> (package:flutter_tools/src/base/context.dart:150:29)
#43     _rootRun (dart:async/zone.dart:1190:13)
#44     _CustomZone.run (dart:async/zone.dart:1093:19)
#45     _runZoned (dart:async/zone.dart:1630:10)
#46     runZoned (dart:async/zone.dart:1550:10)
#47     AppContext.run (package:flutter_tools/src/base/context.dart:149:18)
#48     runInContext (package:flutter_tools/src/context_runner.dart:70:24)
#49     run (package:flutter_tools/runner.dart:46:10)
#50     main (package:flutter_tools/executable.dart:77:9)
#51     main (file:///C:/flutter/packages/flutter_tools/bin/flutter_tools.dart:8:3)
#52     _startIsolate.<anonymous closure> (dart:isolate-patch/isolate_patch.dart:299:32)
#53     _RawReceivePortImpl._handleMessage (dart:isolate-patch/isolate_patch.dart:168:12)
```

## flutter doctor

```
[✓] Flutter (Channel stable, 1.22.1, on Microsoft Windows [Version 10.0.18363.1139], locale th-TH)
    • Flutter version 1.22.1 at C:\flutter
    • Framework revision f30b7f4db9 (11 days ago), 2020-10-08 10:06:30 -0700
    • Engine revision 75bef9f6c8
    • Dart version 2.10.1

[✓] Android toolchain - develop for Android devices (Android SDK version 30.0.2)
    • Android SDK at C:\Users\User\AppData\Local\Android\sdk
    • Platform android-30, build-tools 30.0.2
    • Java binary at: D:\Android Studio\jre\bin\java
    • Java version OpenJDK Runtime Environment (build 1.8.0_242-release-1644-b01)
    • All Android licenses accepted.

[✓] Android Studio (version 4.0)
    • Android Studio at D:\Android Studio
    • Flutter plugin version 50.0.1
    • Dart plugin version 193.7547
    • Java version OpenJDK Runtime Environment (build 1.8.0_242-release-1644-b01)

[✓] Connected device (1 available)
    • Mi A2 (mobile) • a7f1ac0e • android-arm64 • Android 10 (API 29)

• No issues found!
```
